<?xml version="1.0" encoding="UTF-8"?>
<testsuite name="com.example.demo.ProductPageTest" tests="1" skipped="0" failures="0" errors="0" timestamp="2024-03-28T15:56:06" hostname="k-zhukov" time="5.872">
  <properties/>
  <testcase name="search()" classname="com.example.demo.ProductPageTest" time="5.872"/>
  <system-out><![CDATA[]]></system-out>
  <system-err><![CDATA[[Test worker] INFO com.codeborne.selenide.impl.WebDriverThreadLocalContainer - No webdriver is bound to current thread: 1 - let's create a new webdriver
[Test worker] INFO com.codeborne.selenide.impl.FileHelper - Creating folder: /Users/k.zhukov/AquaProjects/test_pero/build/downloads/1711641366532_42982_1
[Test worker] INFO com.codeborne.selenide.webdriver.SelenideNettyClientFactory - Changed readTimeout from PT3M to PT1M30S
[Test worker] INFO com.codeborne.selenide.webdriver.SelenideNettyClientFactory - Changed readTimeout from PT3M to PT1M30S
мар. 28, 2024 6:56:09 PM org.openqa.selenium.devtools.CdpVersionFinder findNearestMatch
WARNING: Unable to find CDP implementation matching 123
мар. 28, 2024 6:56:09 PM org.openqa.selenium.chromium.ChromiumDriver lambda$new$5
WARNING: Unable to find version of CDP to use for 123.0.6312.86. You may need to include a dependency on a specific version of the CDP using something similar to `org.seleniumhq.selenium:selenium-devtools-v86:4.13.0` where the version ("v86") matches the version of the chromium-based browser you're using and the version number of the artifact is the same as Selenium's.
[Test worker] INFO com.codeborne.selenide.webdriver.WebDriverFactory - BrowserName=chrome Version=123.0.6312.86 Platform=mac
[Test worker] INFO com.codeborne.selenide.webdriver.WebDriverFactory - Selenide v. 6.19.1
[Test worker] INFO com.codeborne.selenide.webdriver.WebDriverFactory - Selenium WebDriver v. 4.13.0 build revision: ba948ece5b*
[Test worker] INFO com.codeborne.selenide.drivercommands.CreateDriverCommand - Created webdriver in thread 1: ChromeDriver -> ChromeDriver: chrome on mac (373beddc4e47e161ea5f112aaf28fb23)
[Test worker] INFO com.codeborne.selenide.drivercommands.DisposablesRegistry - Register WebDriverInstance[config=StaticConfig,webDriver=ChromeDriver: chrome on mac (373beddc4e47e161ea5f112aaf28fb23),proxy=null,downloadsFolder=/Users/k.zhukov/AquaProjects/test_pero/build/downloads/1711641366532_42982_1] in 1 [size=1]
[Test worker] INFO com.codeborne.selenide.drivercommands.DisposablesRegistry - Add shutdown hook in 1 [size=1]
]]></system-err>
</testsuite>
